mode: set
webapp/cmd/web/forms.go:10.42,12.26 2 1
webapp/cmd/web/forms.go:16.2,16.22 1 1
webapp/cmd/web/forms.go:12.26,14.3 1 1
webapp/cmd/web/forms.go:19.44,21.2 1 1
webapp/cmd/web/forms.go:28.37,33.2 1 1
webapp/cmd/web/forms.go:36.39,38.13 2 1
webapp/cmd/web/forms.go:41.2,41.13 1 1
webapp/cmd/web/forms.go:38.13,40.3 1 1
webapp/cmd/web/forms.go:44.44,45.31 1 1
webapp/cmd/web/forms.go:45.31,47.37 2 1
webapp/cmd/web/forms.go:47.37,49.4 1 1
webapp/cmd/web/forms.go:53.52,54.9 1 1
webapp/cmd/web/forms.go:54.9,56.3 1 1
webapp/cmd/web/forms.go:60.29,63.2 1 1
webapp/cmd/web/handlers.go:13.70,15.2 1 1
webapp/cmd/web/handlers.go:22.108,25.16 2 1
webapp/cmd/web/handlers.go:30.2,34.16 3 1
webapp/cmd/web/handlers.go:38.2,38.12 1 1
webapp/cmd/web/handlers.go:25.16,28.3 2 0
webapp/cmd/web/handlers.go:34.16,36.3 1 0
webapp/cmd/web/handlers.go:41.71,43.16 2 0
webapp/cmd/web/handlers.go:49.2,54.22 4 0
webapp/cmd/web/handlers.go:43.16,47.3 3 0
webapp/cmd/web/main.go:10.13,22.16 5 0
webapp/cmd/web/main.go:22.16,24.3 1 0
webapp/cmd/web/middleware.go:15.67,17.2 1 1
webapp/cmd/web/middleware.go:19.72,20.72 1 1
webapp/cmd/web/middleware.go:20.72,26.17 3 1
webapp/cmd/web/middleware.go:35.3,35.40 1 1
webapp/cmd/web/middleware.go:26.17,28.20 2 1
webapp/cmd/web/middleware.go:31.4,31.60 1 1
webapp/cmd/web/middleware.go:28.20,30.5 1 1
webapp/cmd/web/middleware.go:32.9,34.4 1 1
webapp/cmd/web/middleware.go:39.45,42.16 2 1
webapp/cmd/web/middleware.go:47.2,48.19 2 1
webapp/cmd/web/middleware.go:52.2,53.22 2 1
webapp/cmd/web/middleware.go:58.2,58.18 1 1
webapp/cmd/web/middleware.go:62.2,62.16 1 1
webapp/cmd/web/middleware.go:42.16,44.3 1 1
webapp/cmd/web/middleware.go:48.19,50.3 1 1
webapp/cmd/web/middleware.go:53.22,55.3 1 1
webapp/cmd/web/middleware.go:58.18,60.3 1 0
webapp/cmd/web/routes.go:10.47,26.2 8 1
